Arguments: 
  /Users/kulho/.nvm/versions/node/v16.15.0/bin/node /Users/kulho/.nvm/versions/node/v16.15.0/bin/yarn add @uniswap/v3-core/contracts

PATH: 
  /Users/kulho/.nvm/versions/node/v16.15.0/bin:/opt/homebrew/bin:/opt/homebrew/sbin:/Library/Frameworks/Python.framework/Versions/3.10/bin:/Library/Frameworks/Python.framework/Versions/3.9/bin:/usr/local/bin:/usr/bin:/bin:/usr/sbin:/sbin:/Library/Apple/usr/bin:/Users/kulho/.nvm/versions/node/v16.15.0/bin:/opt/homebrew/bin:/opt/homebrew/sbin:/Library/Frameworks/Python.framework/Versions/3.10/bin:/Library/Frameworks/Python.framework/Versions/3.9/bin:/Users/kulho/opt/anaconda3/bin:/Users/kulho/opt/anaconda3/condabin

Yarn version: 
  1.22.18

Node version: 
  16.15.0

Platform: 
  darwin arm64

Trace: 
  Error: https://registry.yarnpkg.com/@uniswap%2fv3-core/contracts: Request "https://registry.yarnpkg.com/@uniswap%2fv3-core/contracts" returned a 405
      at Request.params.callback [as _callback] (/Users/kulho/.nvm/versions/node/v16.15.0/lib/node_modules/yarn/lib/cli.js:66147:18)
      at Request.self.callback (/Users/kulho/.nvm/versions/node/v16.15.0/lib/node_modules/yarn/lib/cli.js:140883:22)
      at Request.emit (node:events:527:28)
      at Request.<anonymous> (/Users/kulho/.nvm/versions/node/v16.15.0/lib/node_modules/yarn/lib/cli.js:141855:10)
      at Request.emit (node:events:527:28)
      at IncomingMessage.<anonymous> (/Users/kulho/.nvm/versions/node/v16.15.0/lib/node_modules/yarn/lib/cli.js:141777:12)
      at Object.onceWrapper (node:events:641:28)
      at IncomingMessage.emit (node:events:539:35)
      at endReadableNT (node:internal/streams/readable:1345:12)
      at processTicksAndRejections (node:internal/process/task_queues:83:21)

npm manifest: 
  {
    "name": "voting-dao",
    "version": "1.0.0",
    "description": "",
    "main": "index.js",
    "scripts": {
      "test": "echo \"Error: no test specified\" && exit 1"
    },
    "keywords": [],
    "author": "",
    "license": "ISC",
    "dependencies": {
      "@openzeppelin/contracts": "^4.5.0"
    },
    "devDependencies": {
      "@openzeppelin/test-helpers": "^0.5.15"
    }
  }

yarn manifest: 
  No manifest

Lockfile: 
  No lockfile
